2025-11-10 16:10:51,343 - my_app - INFO - server.py:139 - 用户11注册成功
2025-11-10 16:12:08,183 - my_app - INFO - server.py:124 - 用户名已被占用
2025-11-10 16:13:21,678 - my_app - INFO - server.py:139 - 用户12注册成功
2025-11-10 16:13:34,283 - my_app - INFO - server.py:139 - 用户13注册成功
2025-11-10 16:15:36,935 - my_app - INFO - server.py:139 - 用户15注册成功
2025-11-10 16:16:45,837 - my_app - INFO - server.py:139 - 用户114注册成功
2025-11-10 16:19:16,537 - my_app - INFO - server.py:139 - 用户164注册成功
2025-11-10 16:21:13,198 - my_app - INFO - server.py:140 - 用户146注册成功
2025-11-10 16:23:42,764 - my_app - INFO - server.py:145 - 用户0684注册成功
2025-11-10 16:27:14,152 - my_app - INFO - server.py:142 - 用户048946注册成功
2025-11-10 16:27:41,769 - my_app - INFO - server.py:142 - 用户0413584注册成功
2025-11-10 16:28:18,923 - my_app - INFO - server.py:142 - 用户1644534注册成功
2025-11-10 19:44:34,987 - my_app - INFO - server.py:125 - 用户名已被占用
2025-11-10 19:45:03,667 - my_app - INFO - server.py:125 - 用户名已被占用
2025-11-10 19:45:31,567 - my_app - INFO - server.py:140 - 用户1645注册成功
2025-11-10 19:45:36,906 - my_app - WARNING - server.py:219 - 获取用户信息失败: int() argument must be a string, a bytes-like object or a real number, not 'NoneType'
2025-11-10 19:47:43,007 - my_app - INFO - server.py:125 - 用户名已被占用
2025-11-10 19:47:51,109 - my_app - INFO - server.py:140 - 用户1665注册成功
2025-11-10 19:47:54,849 - my_app - WARNING - server.py:219 - 获取用户信息失败: int() argument must be a string, a bytes-like object or a real number, not 'NoneType'
2025-11-10 19:49:19,756 - my_app - INFO - server.py:140 - 用户1注册成功
2025-11-10 19:49:21,936 - my_app - WARNING - server.py:219 - 获取用户信息失败: int() argument must be a string, a bytes-like object or a real number, not 'NoneType'
2025-11-10 19:51:04,405 - my_app - INFO - server.py:140 - 用户2注册成功
2025-11-10 19:51:06,463 - my_app - WARNING - server.py:219 - 获取用户信息失败: int() argument must be a string, a bytes-like object or a real number, not 'NoneType'
2025-11-10 19:54:34,090 - my_app - INFO - server.py:140 - 用户665注册成功
2025-11-10 19:54:35,865 - my_app - WARNING - server.py:219 - 获取用户信息失败: int() argument must be a string, a bytes-like object or a real number, not 'NoneType'
2025-11-10 20:00:25,815 - my_app - INFO - server.py:140 - 用户6168注册成功
2025-11-10 20:00:27,756 - my_app - WARNING - server.py:219 - 获取用户信息失败: int() argument must be a string, a bytes-like object or a real number, not 'NoneType'
2025-11-10 20:00:55,500 - my_app - INFO - server.py:140 - 用户668348316注册成功
2025-11-10 20:00:56,670 - my_app - INFO - server.py:242 - 用户5获取信息成功
2025-11-10 20:02:41,824 - my_app - INFO - server.py:140 - 用户19641683注册成功
2025-11-10 20:02:44,008 - my_app - INFO - server.py:242 - 用户6获取信息成功
2025-11-10 20:05:02,550 - my_app - INFO - server.py:140 - 用户21641注册成功
2025-11-10 20:05:03,973 - my_app - INFO - server.py:242 - 用户7获取信息成功
2025-11-10 20:12:22,587 - my_app - INFO - server.py:140 - 用户1注册成功
2025-11-10 20:12:25,713 - my_app - INFO - server.py:242 - 用户1获取信息成功
2025-11-10 20:12:35,785 - my_app - INFO - server.py:196 - 登录成功
2025-11-10 20:12:37,947 - my_app - INFO - server.py:242 - 用户1获取信息成功
2025-11-10 20:12:45,822 - my_app - INFO - server.py:125 - 用户名已被占用
2025-11-10 20:13:44,687 - my_app - INFO - server.py:125 - 用户名已被占用
2025-11-10 20:13:49,010 - my_app - INFO - server.py:184 - 登陆失败
2025-11-10 20:14:42,188 - my_app - INFO - server.py:140 - 用户2注册成功
2025-11-10 20:14:44,729 - my_app - INFO - server.py:242 - 用户2获取信息成功
2025-11-10 20:14:51,412 - my_app - INFO - server.py:196 - 登录成功
2025-11-10 20:14:53,101 - my_app - INFO - server.py:242 - 用户2获取信息成功
2025-11-10 20:14:59,317 - my_app - INFO - server.py:184 - 登陆失败
2025-11-10 20:15:04,684 - my_app - INFO - server.py:125 - 用户名已被占用
2025-11-10 20:15:13,731 - my_app - INFO - server.py:196 - 登录成功
2025-11-10 20:15:15,241 - my_app - INFO - server.py:242 - 用户2获取信息成功
2025-11-10 20:17:25,522 - my_app - INFO - server.py:196 - 登录成功
2025-11-10 20:17:28,036 - my_app - INFO - server.py:242 - 用户2获取信息成功
2025-11-10 20:46:11,239 - my_app - INFO - server.py:125 - 用户名已被占用
2025-11-10 20:46:13,362 - my_app - INFO - server.py:196 - 登录成功
2025-11-10 20:46:15,591 - my_app - ERROR - server.py:254 - 数据库服务异常
Traceback (most recent call last):
  File "d:\Starball\backend\server.py", line 227, in get_user_info
    cur.execute(
sqlite3.OperationalError: no such column: head
2025-11-10 20:46:18,597 - my_app - INFO - server.py:196 - 登录成功
2025-11-10 20:46:19,213 - my_app - ERROR - server.py:254 - 数据库服务异常
Traceback (most recent call last):
  File "d:\Starball\backend\server.py", line 227, in get_user_info
    cur.execute(
sqlite3.OperationalError: no such column: head
2025-11-10 20:48:05,521 - my_app - INFO - server.py:184 - 登陆失败
2025-11-10 20:48:06,950 - my_app - INFO - server.py:140 - 用户2注册成功
2025-11-10 20:48:08,451 - my_app - INFO - server.py:251 - 用户1获取信息成功
2025-11-12 21:19:26,806 - my_app - INFO - server.py:140 - 用户1注册成功
2025-11-12 21:19:28,042 - my_app - INFO - server.py:251 - 用户1获取信息成功
2025-11-12 21:20:37,949 - my_app - INFO - server.py:304 - 获取球杆信息成功
2025-11-12 21:22:39,079 - my_app - INFO - server.py:449 - 房间创建成功
2025-11-12 21:23:09,869 - my_app - INFO - server.py:140 - 用户2注册成功
2025-11-12 21:23:11,063 - my_app - INFO - server.py:251 - 用户2获取信息成功
2025-11-12 21:30:34,100 - my_app - INFO - server.py:449 - 房间创建成功
2025-11-12 21:31:40,347 - my_app - INFO - server.py:438 - 房间创建失败
2025-11-12 21:32:54,917 - my_app - INFO - server.py:140 - 用户1注册成功
2025-11-12 21:32:56,033 - my_app - INFO - server.py:251 - 用户1获取信息成功
2025-11-12 21:32:58,086 - my_app - INFO - server.py:449 - 房间创建成功
2025-11-12 21:33:15,149 - my_app - INFO - server.py:140 - 用户2注册成功
2025-11-12 21:33:16,619 - my_app - INFO - server.py:251 - 用户2获取信息成功
2025-11-12 21:54:37,077 - my_app - INFO - server.py:495 - 进入房间成功
2025-11-12 21:55:36,369 - my_app - WARNING - server.py:488 - 房间不存在或者已满
2025-11-12 21:55:57,007 - my_app - INFO - server.py:438 - 房间创建失败
2025-11-12 21:56:19,919 - my_app - INFO - server.py:140 - 用户3注册成功
2025-11-12 21:56:21,275 - my_app - INFO - server.py:251 - 用户3获取信息成功
2025-11-12 21:56:38,686 - my_app - INFO - server.py:140 - 用户4注册成功
2025-11-12 21:56:39,941 - my_app - INFO - server.py:251 - 用户4获取信息成功
2025-11-12 21:57:19,029 - my_app - INFO - server.py:125 - 用户名已被占用
2025-11-12 21:57:26,601 - my_app - INFO - server.py:140 - 用户5注册成功
2025-11-12 21:57:27,926 - my_app - INFO - server.py:251 - 用户5获取信息成功
2025-11-12 21:59:18,329 - my_app - INFO - server.py:449 - 房间创建成功
2025-11-12 21:59:36,653 - my_app - INFO - server.py:140 - 用户6注册成功
2025-11-12 21:59:38,095 - my_app - INFO - server.py:251 - 用户6获取信息成功
2025-11-12 21:59:44,844 - my_app - INFO - server.py:495 - 进入房间成功
2025-11-12 22:10:43,058 - my_app - INFO - server.py:140 - 用户9注册成功
2025-11-12 22:10:44,310 - my_app - INFO - server.py:251 - 用户7获取信息成功
2025-11-12 22:12:36,252 - my_app - INFO - server.py:304 - 获取球杆信息成功
2025-11-12 22:28:18,085 - my_app - WARNING - server.py:333 - 购买失败: 用户id或球杆id为空
2025-11-12 22:28:27,930 - my_app - WARNING - server.py:333 - 购买失败: 用户id或球杆id为空
2025-11-12 22:29:07,812 - my_app - WARNING - server.py:333 - 购买失败: 用户id或球杆id为空
2025-11-12 22:42:34,200 - my_app - WARNING - server.py:333 - 购买失败: 用户id或球杆id为空
2025-11-12 22:44:10,420 - my_app - WARNING - server.py:333 - 购买失败: 用户id或球杆id为空
2025-11-12 22:44:33,934 - my_app - WARNING - server.py:333 - 购买失败: 用户id或球杆id为空
2025-11-12 22:47:11,459 - my_app - WARNING - server.py:334 - 购买失败: 用户id或球杆id为空
2025-11-12 22:47:36,027 - my_app - WARNING - server.py:334 - 购买失败: 用户id或球杆id为空
2025-11-12 22:48:36,499 - my_app - WARNING - server.py:367 - 已拥有当前球杆或余额不足
2025-11-14 14:20:57,827 - my_app - INFO - server.py:140 - 用户1注册成功
2025-11-14 14:20:59,922 - my_app - INFO - server.py:251 - 用户1获取信息成功
2025-11-14 14:27:23,819 - my_app - INFO - server.py:140 - 用户2注册成功
2025-11-14 14:27:25,096 - my_app - INFO - server.py:251 - 用户2获取信息成功
2025-11-14 14:33:31,274 - my_app - INFO - server.py:140 - 用户3注册成功
2025-11-14 14:33:33,379 - my_app - INFO - server.py:251 - 用户3获取信息成功
2025-11-14 14:39:46,491 - my_app - INFO - server.py:449 - 房间创建成功
2025-11-14 14:39:46,507 - my_app - INFO - server.py:540 - 玩家None加入房间, 游戏正式开始
2025-11-14 14:41:40,617 - my_app - INFO - server.py:438 - 房间创建失败
2025-11-14 14:41:53,845 - my_app - INFO - server.py:140 - 用户4注册成功
2025-11-14 14:41:55,531 - my_app - INFO - server.py:251 - 用户4获取信息成功
2025-11-14 14:41:58,158 - my_app - INFO - server.py:449 - 房间创建成功
2025-11-14 14:41:58,263 - my_app - INFO - server.py:541 - 玩家None加入房间, 游戏正式开始
2025-11-14 14:42:49,538 - my_app - INFO - server.py:140 - 用户5注册成功
2025-11-14 14:42:50,597 - my_app - INFO - server.py:251 - 用户5获取信息成功
2025-11-14 14:42:54,150 - my_app - INFO - server.py:449 - 房间创建成功
2025-11-14 14:42:54,192 - my_app - INFO - server.py:542 - 玩家None加入房间, 游戏正式开始
2025-11-14 14:43:53,494 - my_app - INFO - server.py:140 - 用户6注册成功
2025-11-14 14:43:54,672 - my_app - INFO - server.py:251 - 用户6获取信息成功
2025-11-14 14:43:57,937 - my_app - INFO - server.py:449 - 房间创建成功
2025-11-14 14:43:57,982 - my_app - INFO - server.py:544 - 玩家None加入房间, 游戏正式开始
2025-11-14 14:46:26,345 - my_app - INFO - server.py:140 - 用户8注册成功
2025-11-14 14:46:27,271 - my_app - INFO - server.py:251 - 用户7获取信息成功
2025-11-14 14:46:29,751 - my_app - INFO - server.py:449 - 房间创建成功
2025-11-14 14:46:29,853 - my_app - INFO - server.py:541 - 房间5创建者7加入房间
2025-11-14 14:47:26,692 - my_app - INFO - server.py:140 - 用户9注册成功
2025-11-14 14:47:28,617 - my_app - INFO - server.py:251 - 用户8获取信息成功
2025-11-14 14:47:37,289 - my_app - INFO - server.py:495 - 进入房间成功
2025-11-14 14:47:37,401 - my_app - INFO - server.py:539 - 玩家8加入房间, 游戏正式开始
2025-11-14 14:50:33,849 - my_app - INFO - server.py:140 - 用户10注册成功
2025-11-14 14:50:36,185 - my_app - INFO - server.py:251 - 用户9获取信息成功
2025-11-14 14:52:17,557 - my_app - INFO - server.py:140 - 用户12注册成功
2025-11-14 14:52:19,276 - my_app - INFO - server.py:251 - 用户10获取信息成功
2025-11-14 14:54:24,998 - my_app - INFO - server.py:140 - 用户164注册成功
2025-11-14 14:54:26,759 - my_app - INFO - server.py:251 - 用户11获取信息成功
2025-11-14 14:54:34,425 - my_app - INFO - server.py:304 - 获取球杆信息成功
2025-11-14 15:02:07,395 - my_app - INFO - server.py:387 - 购买成功
2025-11-14 15:05:20,942 - my_app - INFO - server.py:304 - 获取球杆信息成功
2025-11-14 15:22:03,813 - my_app - INFO - server.py:305 - 获取球杆信息成功
2025-11-14 15:22:31,224 - my_app - INFO - server.py:141 - 用户4198646注册成功
2025-11-14 15:22:33,019 - my_app - INFO - server.py:252 - 用户12获取信息成功
2025-11-14 15:22:35,838 - my_app - INFO - server.py:305 - 获取球杆信息成功
2025-11-14 15:22:40,345 - my_app - INFO - server.py:388 - 购买成功
2025-11-14 15:50:16,800 - my_app - INFO - server.py:141 - 用户1454891注册成功
2025-11-14 15:50:18,603 - my_app - INFO - server.py:252 - 用户13获取信息成功
2025-11-14 15:50:21,646 - my_app - INFO - server.py:305 - 获取球杆信息成功
2025-11-14 15:50:41,403 - my_app - INFO - server.py:408 - 购买成功
2025-11-14 15:52:46,811 - my_app - INFO - server.py:141 - 用户2164156注册成功
2025-11-14 15:52:48,791 - my_app - INFO - server.py:252 - 用户14获取信息成功
2025-11-14 15:52:51,714 - my_app - INFO - server.py:305 - 获取球杆信息成功
2025-11-14 15:52:56,029 - my_app - INFO - server.py:408 - 购买成功
2025-11-14 15:54:10,746 - my_app - INFO - server.py:141 - 用户46413注册成功
2025-11-14 15:54:11,931 - my_app - INFO - server.py:252 - 用户15获取信息成功
2025-11-14 15:54:13,392 - my_app - INFO - server.py:305 - 获取球杆信息成功
2025-11-14 15:54:14,863 - my_app - INFO - server.py:408 - 购买成功
